<?xml version="1.0" encoding="UTF-8"?>
<testsuite xmlns:xsi="http://www.w3.org/2001/XMLSchema-instance" xsi:noNamespaceSchemaLocation="https://maven.apache.org/surefire/maven-surefire-plugin/xsd/surefire-test-report-3.0.xsd" version="3.0" name="Service.ReportServiceTest" time="0.68" tests="6" errors="0" skipped="0" failures="0">
  <properties>
[...]
</properties>
  <testcase name="testGetGpaDistribution" classname="Service.ReportServiceTest" time="0.544">
    <system-err><![CDATA[SLF4J: Failed to load class "org.slf4j.impl.StaticLoggerBinder".
SLF4J: Defaulting to no-operation (NOP) logger implementation
SLF4J: See http://www.slf4j.org/codes.html#StaticLoggerBinder for further details.
]]></system-err>
  </testcase>
  <testcase name="testTopPerformersLimit" classname="Service.ReportServiceTest" time="0.008"/>
  <testcase name="testGetTotalStudents" classname="Service.ReportServiceTest" time="0.007"/>
  <testcase name="testGetActiveCount" classname="Service.ReportServiceTest" time="0.008"/>
  <testcase name="testGetProgrammeAverageGpa" classname="Service.ReportServiceTest" time="0.009"/>
  <testcase name="testGetAverageGpa" classname="Service.ReportServiceTest" time="0.012"/>
</testsuite>